<?xml version="1.0" encoding="UTF-8"?>
<testng-results ignored="0" total="1" passed="1" failed="0" skipped="0">
  <reporter-output>
  </reporter-output>
  <suite started-at="2025-01-12T15:01:26 GMT" name="Suite" finished-at="2025-01-12T15:01:35 GMT" duration-ms="9904">
    <groups>
    </groups>
    <test started-at="2025-01-12T15:01:26 GMT" name="Test" finished-at="2025-01-12T15:01:35 GMT" duration-ms="9904">
      <class name="demo.SpanishPoint.TestDemo">
        <test-method signature="demoTest()[pri:0, instance:demo.SpanishPoint.TestDemo@3590fc5b]" started-at="2025-01-12T15:01:26 GMT" name="demoTest" finished-at="2025-01-12T15:01:35 GMT" duration-ms="9860" status="PASS">
          <reporter-output>
          </reporter-output>
        </test-method> <!-- demoTest -->
      </class> <!-- demo.SpanishPoint.TestDemo -->
    </test> <!-- Test -->
  </suite> <!-- Suite -->
</testng-results>
